<?xml version="1.0" encoding="UTF-8"?>
<robot generator="Robot 7.2 (Python 3.8.8 on win32)" generated="2025-01-28T23:50:32.542923" rpa="false" schemaversion="5">
<suite id="s1" name="loginPage" source="C:\quiz3-Login\sanber63_MobileAutomation_Kelompok5\PageObjects\LoginPageAnisa\loginPage.robot">
<test id="s1-t1" name="Sign In Dengan Username dan Password Benar" line="27">
<kw name="Open Flight Android Application" owner="base">
<kw name="Open Application" owner="AppiumLibrary">
<arg>remote_url=${APPIUM_SERVER_URL}</arg>
<arg>platformName=${PLATFORM_NAME}</arg>
<arg>platformVersion=${PLATFORM_VERSION}</arg>
<arg>deviceName=${DEVICE_NAME}</arg>
<arg>appPackage=${APP_PACKAGE}</arg>
<arg>appActivity=${APP_ACTIVITY}</arg>
<doc>Opens a new application to given Appium server.
Capabilities of appium server, Android and iOS,
Please check https://appium.io/docs/en/2.1/cli/args/
| *Option*            | *Man.* | *Description*     |
| remote_url          | Yes    | Appium server url |
| alias               | no     | alias             |
| strict_ssl          | No     | allows you to send commands to an invalid certificate host like a self-signed one. |</doc>
<status status="PASS" start="2025-01-28T23:50:33.072098" elapsed="12.991602"/>
</kw>
<kw name="Sleep" owner="BuiltIn">
<msg time="2025-01-28T23:50:49.075319" level="INFO">Slept 3 seconds.</msg>
<arg>3s</arg>
<doc>Pauses the test executed for the given time.</doc>
<status status="PASS" start="2025-01-28T23:50:46.063700" elapsed="3.011619"/>
</kw>
<status status="PASS" start="2025-01-28T23:50:33.069109" elapsed="16.006210"/>
</kw>
<kw name="Click Sign In on Home Page">
<kw name="Click Element" owner="AppiumLibrary">
<msg time="2025-01-28T23:50:49.080258" level="INFO">Clicking element '//android.widget.Button[@resource-id="com.example.myapplication:id/login"]'.</msg>
<msg time="2025-01-28T23:50:49.741079" level="INFO">xpath criteria: //android.widget.Button[@resource-id="com.example.myapplication:id/login"]</msg>
<arg>${home_signin_button}</arg>
<doc>Click element identified by `locator`.</doc>
<status status="PASS" start="2025-01-28T23:50:49.077204" elapsed="0.664872"/>
</kw>
<kw name="Sleep" owner="BuiltIn">
<msg time="2025-01-28T23:50:51.750385" level="INFO">Slept 2 seconds.</msg>
<arg>2s</arg>
<doc>Pauses the test executed for the given time.</doc>
<status status="PASS" start="2025-01-28T23:50:49.742076" elapsed="2.008309"/>
</kw>
<status status="PASS" start="2025-01-28T23:50:49.076369" elapsed="2.674016"/>
</kw>
<kw name="Input Username">
<kw name="Input Text" owner="AppiumLibrary">
<msg time="2025-01-28T23:50:51.754877" level="INFO">Typing text 'support@ngendigital.com' into text field '//android.widget.EditText[@resource-id="com.example.myapplication:id/username"]'</msg>
<msg time="2025-01-28T23:50:52.005177" level="INFO">xpath criteria: //android.widget.EditText[@resource-id="com.example.myapplication:id/username"]</msg>
<arg>${username_field}</arg>
<arg>${username}</arg>
<doc>Types the given `text` into text field identified by `locator`.</doc>
<status status="PASS" start="2025-01-28T23:50:51.752378" elapsed="0.253802"/>
</kw>
<arg>${valid_username}</arg>
<status status="PASS" start="2025-01-28T23:50:51.751382" elapsed="0.254798"/>
</kw>
<kw name="Input Password">
<kw name="Input Text" owner="AppiumLibrary">
<msg time="2025-01-28T23:50:52.012164" level="INFO">Typing text 'abc123' into text field '//android.widget.EditText[@resource-id="com.example.myapplication:id/password"]'</msg>
<msg time="2025-01-28T23:50:52.717073" level="INFO">xpath criteria: //android.widget.EditText[@resource-id="com.example.myapplication:id/password"]</msg>
<arg>${password_field}</arg>
<arg>${password}</arg>
<doc>Types the given `text` into text field identified by `locator`.</doc>
<status status="PASS" start="2025-01-28T23:50:52.009175" elapsed="0.708903"/>
</kw>
<arg>${valid_password}</arg>
<status status="PASS" start="2025-01-28T23:50:52.007176" elapsed="0.710902"/>
</kw>
<kw name="Click Sign In Button">
<kw name="Click Element" owner="AppiumLibrary">
<msg time="2025-01-28T23:50:52.722572" level="INFO">Clicking element '//android.widget.Button[@resource-id="com.example.myapplication:id/signIn"]'.</msg>
<msg time="2025-01-28T23:50:53.445314" level="INFO">xpath criteria: //android.widget.Button[@resource-id="com.example.myapplication:id/signIn"]</msg>
<arg>${button_signin}</arg>
<doc>Click element identified by `locator`.</doc>
<status status="PASS" start="2025-01-28T23:50:52.720061" elapsed="0.725253"/>
</kw>
<status status="PASS" start="2025-01-28T23:50:52.719029" elapsed="0.726285"/>
</kw>
<kw name="Sleep" owner="BuiltIn">
<msg time="2025-01-28T23:50:56.454280" level="INFO">Slept 3 seconds.</msg>
<arg>3s</arg>
<doc>Pauses the test executed for the given time.</doc>
<status status="PASS" start="2025-01-28T23:50:53.446337" elapsed="3.007943"/>
</kw>
<kw name="Close Flight Application" owner="base">
<kw name="Close All Applications" owner="AppiumLibrary">
<doc>Closes all open applications.</doc>
<status status="PASS" start="2025-01-28T23:50:56.455837" elapsed="1.105803"/>
</kw>
<status status="PASS" start="2025-01-28T23:50:56.455837" elapsed="1.105803"/>
</kw>
<status status="PASS" start="2025-01-28T23:50:33.066099" elapsed="24.496537"/>
</test>
<test id="s1-t2" name="Sign In Dengan Username Benar dan Password Salah" line="37">
<kw name="Open Flight Android Application" owner="base">
<kw name="Open Application" owner="AppiumLibrary">
<arg>remote_url=${APPIUM_SERVER_URL}</arg>
<arg>platformName=${PLATFORM_NAME}</arg>
<arg>platformVersion=${PLATFORM_VERSION}</arg>
<arg>deviceName=${DEVICE_NAME}</arg>
<arg>appPackage=${APP_PACKAGE}</arg>
<arg>appActivity=${APP_ACTIVITY}</arg>
<doc>Opens a new application to given Appium server.
Capabilities of appium server, Android and iOS,
Please check https://appium.io/docs/en/2.1/cli/args/
| *Option*            | *Man.* | *Description*     |
| remote_url          | Yes    | Appium server url |
| alias               | no     | alias             |
| strict_ssl          | No     | allows you to send commands to an invalid certificate host like a self-signed one. |</doc>
<status status="PASS" start="2025-01-28T23:50:57.566166" elapsed="13.457595"/>
</kw>
<kw name="Sleep" owner="BuiltIn">
<msg time="2025-01-28T23:51:14.029035" level="INFO">Slept 3 seconds.</msg>
<arg>3s</arg>
<doc>Pauses the test executed for the given time.</doc>
<status status="PASS" start="2025-01-28T23:51:11.023761" elapsed="3.006389"/>
</kw>
<status status="PASS" start="2025-01-28T23:50:57.563632" elapsed="16.466518"/>
</kw>
<kw name="Click Sign In on Home Page">
<kw name="Click Element" owner="AppiumLibrary">
<msg time="2025-01-28T23:51:14.037414" level="INFO">Clicking element '//android.widget.Button[@resource-id="com.example.myapplication:id/login"]'.</msg>
<msg time="2025-01-28T23:51:14.692308" level="INFO">xpath criteria: //android.widget.Button[@resource-id="com.example.myapplication:id/login"]</msg>
<arg>${home_signin_button}</arg>
<doc>Click element identified by `locator`.</doc>
<status status="PASS" start="2025-01-28T23:51:14.032152" elapsed="0.660156"/>
</kw>
<kw name="Sleep" owner="BuiltIn">
<msg time="2025-01-28T23:51:16.696166" level="INFO">Slept 2 seconds.</msg>
<arg>2s</arg>
<doc>Pauses the test executed for the given time.</doc>
<status status="PASS" start="2025-01-28T23:51:14.692308" elapsed="2.003858"/>
</kw>
<status status="PASS" start="2025-01-28T23:51:14.031192" elapsed="2.664974"/>
</kw>
<kw name="Input Username">
<kw name="Input Text" owner="AppiumLibrary">
<msg time="2025-01-28T23:51:16.705061" level="INFO">Typing text 'support@ngendigital.com' into text field '//android.widget.EditText[@resource-id="com.example.myapplication:id/username"]'</msg>
<msg time="2025-01-28T23:51:16.911543" level="INFO">xpath criteria: //android.widget.EditText[@resource-id="com.example.myapplication:id/username"]</msg>
<arg>${username_field}</arg>
<arg>${username}</arg>
<doc>Types the given `text` into text field identified by `locator`.</doc>
<status status="PASS" start="2025-01-28T23:51:16.698752" elapsed="0.212791"/>
</kw>
<arg>${valid_username}</arg>
<status status="PASS" start="2025-01-28T23:51:16.697158" elapsed="0.215347"/>
</kw>
<kw name="Input Password">
<kw name="Input Text" owner="AppiumLibrary">
<msg time="2025-01-28T23:51:16.917158" level="INFO">Typing text 'invalid_password' into text field '//android.widget.EditText[@resource-id="com.example.myapplication:id/password"]'</msg>
<msg time="2025-01-28T23:51:17.574127" level="INFO">xpath criteria: //android.widget.EditText[@resource-id="com.example.myapplication:id/password"]</msg>
<arg>${password_field}</arg>
<arg>${password}</arg>
<doc>Types the given `text` into text field identified by `locator`.</doc>
<status status="PASS" start="2025-01-28T23:51:16.913494" elapsed="0.660633"/>
</kw>
<arg>${invalid_password}</arg>
<status status="PASS" start="2025-01-28T23:51:16.912505" elapsed="0.662552"/>
</kw>
<kw name="Click Sign In Button">
<kw name="Click Element" owner="AppiumLibrary">
<msg time="2025-01-28T23:51:17.580116" level="INFO">Clicking element '//android.widget.Button[@resource-id="com.example.myapplication:id/signIn"]'.</msg>
<msg time="2025-01-28T23:51:18.158360" level="INFO">xpath criteria: //android.widget.Button[@resource-id="com.example.myapplication:id/signIn"]</msg>
<arg>${button_signin}</arg>
<doc>Click element identified by `locator`.</doc>
<status status="PASS" start="2025-01-28T23:51:17.577121" elapsed="0.581239"/>
</kw>
<status status="PASS" start="2025-01-28T23:51:17.576099" elapsed="0.582261"/>
</kw>
<kw name="Sleep" owner="BuiltIn">
<msg time="2025-01-28T23:51:21.169171" level="INFO">Slept 3 seconds.</msg>
<arg>3s</arg>
<doc>Pauses the test executed for the given time.</doc>
<status status="PASS" start="2025-01-28T23:51:18.159642" elapsed="3.009529"/>
</kw>
<kw name="Close Flight Application" owner="base">
<kw name="Close All Applications" owner="AppiumLibrary">
<doc>Closes all open applications.</doc>
<status status="PASS" start="2025-01-28T23:51:21.171165" elapsed="0.774092"/>
</kw>
<status status="PASS" start="2025-01-28T23:51:21.170235" elapsed="0.775022"/>
</kw>
<status status="PASS" start="2025-01-28T23:50:57.562636" elapsed="24.383647"/>
</test>
<test id="s1-t3" name="Sign In Dengan Username Salah dan Password Benar" line="47">
<kw name="Open Flight Android Application" owner="base">
<kw name="Open Application" owner="AppiumLibrary">
<arg>remote_url=${APPIUM_SERVER_URL}</arg>
<arg>platformName=${PLATFORM_NAME}</arg>
<arg>platformVersion=${PLATFORM_VERSION}</arg>
<arg>deviceName=${DEVICE_NAME}</arg>
<arg>appPackage=${APP_PACKAGE}</arg>
<arg>appActivity=${APP_ACTIVITY}</arg>
<doc>Opens a new application to given Appium server.
Capabilities of appium server, Android and iOS,
Please check https://appium.io/docs/en/2.1/cli/args/
| *Option*            | *Man.* | *Description*     |
| remote_url          | Yes    | Appium server url |
| alias               | no     | alias             |
| strict_ssl          | No     | allows you to send commands to an invalid certificate host like a self-signed one. |</doc>
<status status="PASS" start="2025-01-28T23:51:21.953266" elapsed="13.403809"/>
</kw>
<kw name="Sleep" owner="BuiltIn">
<msg time="2025-01-28T23:51:38.360569" level="INFO">Slept 3 seconds.</msg>
<arg>3s</arg>
<doc>Pauses the test executed for the given time.</doc>
<status status="PASS" start="2025-01-28T23:51:35.357579" elapsed="3.004884"/>
</kw>
<status status="PASS" start="2025-01-28T23:51:21.951280" elapsed="16.411183"/>
</kw>
<kw name="Click Sign In on Home Page">
<kw name="Click Element" owner="AppiumLibrary">
<msg time="2025-01-28T23:51:38.368049" level="INFO">Clicking element '//android.widget.Button[@resource-id="com.example.myapplication:id/login"]'.</msg>
<msg time="2025-01-28T23:51:39.043436" level="INFO">xpath criteria: //android.widget.Button[@resource-id="com.example.myapplication:id/login"]</msg>
<arg>${home_signin_button}</arg>
<doc>Click element identified by `locator`.</doc>
<status status="PASS" start="2025-01-28T23:51:38.363447" elapsed="0.679989"/>
</kw>
<kw name="Sleep" owner="BuiltIn">
<msg time="2025-01-28T23:51:41.047341" level="INFO">Slept 2 seconds.</msg>
<arg>2s</arg>
<doc>Pauses the test executed for the given time.</doc>
<status status="PASS" start="2025-01-28T23:51:39.044957" elapsed="2.002384"/>
</kw>
<status status="PASS" start="2025-01-28T23:51:38.363447" elapsed="2.684907"/>
</kw>
<kw name="Input Username">
<kw name="Input Text" owner="AppiumLibrary">
<msg time="2025-01-28T23:51:41.053367" level="INFO">Typing text 'invalidUser@gmail.com' into text field '//android.widget.EditText[@resource-id="com.example.myapplication:id/username"]'</msg>
<msg time="2025-01-28T23:51:41.288500" level="INFO">xpath criteria: //android.widget.EditText[@resource-id="com.example.myapplication:id/username"]</msg>
<arg>${username_field}</arg>
<arg>${username}</arg>
<doc>Types the given `text` into text field identified by `locator`.</doc>
<status status="PASS" start="2025-01-28T23:51:41.050334" elapsed="0.238166"/>
</kw>
<arg>${invalid_username}</arg>
<status status="PASS" start="2025-01-28T23:51:41.049335" elapsed="0.239165"/>
</kw>
<kw name="Input Password">
<kw name="Input Text" owner="AppiumLibrary">
<msg time="2025-01-28T23:51:41.293491" level="INFO">Typing text 'abc123' into text field '//android.widget.EditText[@resource-id="com.example.myapplication:id/password"]'</msg>
<msg time="2025-01-28T23:51:41.981027" level="INFO">xpath criteria: //android.widget.EditText[@resource-id="com.example.myapplication:id/password"]</msg>
<arg>${password_field}</arg>
<arg>${password}</arg>
<doc>Types the given `text` into text field identified by `locator`.</doc>
<status status="PASS" start="2025-01-28T23:51:41.290493" elapsed="0.690534"/>
</kw>
<arg>${valid_password}</arg>
<status status="PASS" start="2025-01-28T23:51:41.289497" elapsed="0.692525"/>
</kw>
<kw name="Click Sign In Button">
<kw name="Click Element" owner="AppiumLibrary">
<msg time="2025-01-28T23:51:41.991227" level="INFO">Clicking element '//android.widget.Button[@resource-id="com.example.myapplication:id/signIn"]'.</msg>
<msg time="2025-01-28T23:51:42.687466" level="INFO">xpath criteria: //android.widget.Button[@resource-id="com.example.myapplication:id/signIn"]</msg>
<arg>${button_signin}</arg>
<doc>Click element identified by `locator`.</doc>
<status status="PASS" start="2025-01-28T23:51:41.985014" elapsed="0.703449"/>
</kw>
<status status="PASS" start="2025-01-28T23:51:41.983030" elapsed="0.705433"/>
</kw>
<kw name="Sleep" owner="BuiltIn">
<msg time="2025-01-28T23:51:45.703242" level="INFO">Slept 3 seconds.</msg>
<arg>3s</arg>
<doc>Pauses the test executed for the given time.</doc>
<status status="PASS" start="2025-01-28T23:51:42.688463" elapsed="3.014779"/>
</kw>
<kw name="Close Flight Application" owner="base">
<kw name="Close All Applications" owner="AppiumLibrary">
<doc>Closes all open applications.</doc>
<status status="PASS" start="2025-01-28T23:51:45.705231" elapsed="0.742269"/>
</kw>
<status status="PASS" start="2025-01-28T23:51:45.704235" elapsed="0.744270"/>
</kw>
<status status="PASS" start="2025-01-28T23:51:21.947288" elapsed="24.501217"/>
</test>
<test id="s1-t4" name="Sign In Dengan Username Salah dan Password Salah" line="57">
<kw name="Open Flight Android Application" owner="base">
<kw name="Open Application" owner="AppiumLibrary">
<arg>remote_url=${APPIUM_SERVER_URL}</arg>
<arg>platformName=${PLATFORM_NAME}</arg>
<arg>platformVersion=${PLATFORM_VERSION}</arg>
<arg>deviceName=${DEVICE_NAME}</arg>
<arg>appPackage=${APP_PACKAGE}</arg>
<arg>appActivity=${APP_ACTIVITY}</arg>
<doc>Opens a new application to given Appium server.
Capabilities of appium server, Android and iOS,
Please check https://appium.io/docs/en/2.1/cli/args/
| *Option*            | *Man.* | *Description*     |
| remote_url          | Yes    | Appium server url |
| alias               | no     | alias             |
| strict_ssl          | No     | allows you to send commands to an invalid certificate host like a self-signed one. |</doc>
<status status="PASS" start="2025-01-28T23:51:46.452748" elapsed="13.026511"/>
</kw>
<kw name="Sleep" owner="BuiltIn">
<msg time="2025-01-28T23:52:02.493706" level="INFO">Slept 3 seconds.</msg>
<arg>3s</arg>
<doc>Pauses the test executed for the given time.</doc>
<status status="PASS" start="2025-01-28T23:51:59.480224" elapsed="3.014993"/>
</kw>
<status status="PASS" start="2025-01-28T23:51:46.451497" elapsed="16.043720"/>
</kw>
<kw name="Click Sign In on Home Page">
<kw name="Click Element" owner="AppiumLibrary">
<msg time="2025-01-28T23:52:02.499292" level="INFO">Clicking element '//android.widget.Button[@resource-id="com.example.myapplication:id/login"]'.</msg>
<msg time="2025-01-28T23:52:03.677759" level="INFO">xpath criteria: //android.widget.Button[@resource-id="com.example.myapplication:id/login"]</msg>
<arg>${home_signin_button}</arg>
<doc>Click element identified by `locator`.</doc>
<status status="PASS" start="2025-01-28T23:52:02.497312" elapsed="1.180952"/>
</kw>
<kw name="Sleep" owner="BuiltIn">
<msg time="2025-01-28T23:52:05.683943" level="INFO">Slept 2 seconds.</msg>
<arg>2s</arg>
<doc>Pauses the test executed for the given time.</doc>
<status status="PASS" start="2025-01-28T23:52:03.678888" elapsed="2.005055"/>
</kw>
<status status="PASS" start="2025-01-28T23:52:02.496305" elapsed="3.188572"/>
</kw>
<kw name="Input Username">
<kw name="Input Text" owner="AppiumLibrary">
<msg time="2025-01-28T23:52:05.690685" level="INFO">Typing text 'invalidUser@gmail.com' into text field '//android.widget.EditText[@resource-id="com.example.myapplication:id/username"]'</msg>
<msg time="2025-01-28T23:52:05.900160" level="INFO">xpath criteria: //android.widget.EditText[@resource-id="com.example.myapplication:id/username"]</msg>
<arg>${username_field}</arg>
<arg>${username}</arg>
<doc>Types the given `text` into text field identified by `locator`.</doc>
<status status="PASS" start="2025-01-28T23:52:05.687133" elapsed="0.213027"/>
</kw>
<arg>${invalid_username}</arg>
<status status="PASS" start="2025-01-28T23:52:05.685384" elapsed="0.214776"/>
</kw>
<kw name="Input Password">
<kw name="Input Text" owner="AppiumLibrary">
<msg time="2025-01-28T23:52:05.908286" level="INFO">Typing text 'invalid_password' into text field '//android.widget.EditText[@resource-id="com.example.myapplication:id/password"]'</msg>
<msg time="2025-01-28T23:52:06.581678" level="INFO">xpath criteria: //android.widget.EditText[@resource-id="com.example.myapplication:id/password"]</msg>
<arg>${password_field}</arg>
<arg>${password}</arg>
<doc>Types the given `text` into text field identified by `locator`.</doc>
<status status="PASS" start="2025-01-28T23:52:05.901155" elapsed="0.680523"/>
</kw>
<arg>${invalid_password}</arg>
<status status="PASS" start="2025-01-28T23:52:05.901155" elapsed="0.681518"/>
</kw>
<kw name="Click Sign In Button">
<kw name="Click Element" owner="AppiumLibrary">
<msg time="2025-01-28T23:52:06.587528" level="INFO">Clicking element '//android.widget.Button[@resource-id="com.example.myapplication:id/signIn"]'.</msg>
<msg time="2025-01-28T23:52:07.281669" level="INFO">xpath criteria: //android.widget.Button[@resource-id="com.example.myapplication:id/signIn"]</msg>
<arg>${button_signin}</arg>
<doc>Click element identified by `locator`.</doc>
<status status="PASS" start="2025-01-28T23:52:06.583716" elapsed="0.697953"/>
</kw>
<status status="PASS" start="2025-01-28T23:52:06.582673" elapsed="0.699942"/>
</kw>
<kw name="Sleep" owner="BuiltIn">
<msg time="2025-01-28T23:52:10.283758" level="INFO">Slept 3 seconds.</msg>
<arg>3s</arg>
<doc>Pauses the test executed for the given time.</doc>
<status status="PASS" start="2025-01-28T23:52:07.282615" elapsed="3.001143"/>
</kw>
<kw name="Close Flight Application" owner="base">
<kw name="Close All Applications" owner="AppiumLibrary">
<doc>Closes all open applications.</doc>
<status status="PASS" start="2025-01-28T23:52:10.286279" elapsed="0.815771"/>
</kw>
<status status="PASS" start="2025-01-28T23:52:10.285261" elapsed="0.817785"/>
</kw>
<status status="PASS" start="2025-01-28T23:51:46.449500" elapsed="24.653546"/>
</test>
<test id="s1-t5" name="Sign In Dengan Username Kosong" line="67">
<kw name="Open Flight Android Application" owner="base">
<kw name="Open Application" owner="AppiumLibrary">
<arg>remote_url=${APPIUM_SERVER_URL}</arg>
<arg>platformName=${PLATFORM_NAME}</arg>
<arg>platformVersion=${PLATFORM_VERSION}</arg>
<arg>deviceName=${DEVICE_NAME}</arg>
<arg>appPackage=${APP_PACKAGE}</arg>
<arg>appActivity=${APP_ACTIVITY}</arg>
<doc>Opens a new application to given Appium server.
Capabilities of appium server, Android and iOS,
Please check https://appium.io/docs/en/2.1/cli/args/
| *Option*            | *Man.* | *Description*     |
| remote_url          | Yes    | Appium server url |
| alias               | no     | alias             |
| strict_ssl          | No     | allows you to send commands to an invalid certificate host like a self-signed one. |</doc>
<status status="PASS" start="2025-01-28T23:52:11.106549" elapsed="12.794169"/>
</kw>
<kw name="Sleep" owner="BuiltIn">
<msg time="2025-01-28T23:52:26.908402" level="INFO">Slept 3 seconds.</msg>
<arg>3s</arg>
<doc>Pauses the test executed for the given time.</doc>
<status status="PASS" start="2025-01-28T23:52:23.901707" elapsed="3.006695"/>
</kw>
<status status="PASS" start="2025-01-28T23:52:11.105546" elapsed="15.803864"/>
</kw>
<kw name="Click Sign In on Home Page">
<kw name="Click Element" owner="AppiumLibrary">
<msg time="2025-01-28T23:52:26.912456" level="INFO">Clicking element '//android.widget.Button[@resource-id="com.example.myapplication:id/login"]'.</msg>
<msg time="2025-01-28T23:52:27.577670" level="INFO">xpath criteria: //android.widget.Button[@resource-id="com.example.myapplication:id/login"]</msg>
<arg>${home_signin_button}</arg>
<doc>Click element identified by `locator`.</doc>
<status status="PASS" start="2025-01-28T23:52:26.910444" elapsed="0.667226"/>
</kw>
<kw name="Sleep" owner="BuiltIn">
<msg time="2025-01-28T23:52:29.588526" level="INFO">Slept 2 seconds.</msg>
<arg>2s</arg>
<doc>Pauses the test executed for the given time.</doc>
<status status="PASS" start="2025-01-28T23:52:27.579616" elapsed="2.008910"/>
</kw>
<status status="PASS" start="2025-01-28T23:52:26.909410" elapsed="2.679116"/>
</kw>
<kw name="Input Username">
<kw name="Input Text" owner="AppiumLibrary">
<msg time="2025-01-28T23:52:29.595450" level="INFO">Typing text '' into text field '//android.widget.EditText[@resource-id="com.example.myapplication:id/username"]'</msg>
<msg time="2025-01-28T23:52:29.811232" level="INFO">xpath criteria: //android.widget.EditText[@resource-id="com.example.myapplication:id/username"]</msg>
<arg>${username_field}</arg>
<arg>${username}</arg>
<doc>Types the given `text` into text field identified by `locator`.</doc>
<status status="PASS" start="2025-01-28T23:52:29.591312" elapsed="0.220464"/>
</kw>
<arg>${empty}</arg>
<status status="PASS" start="2025-01-28T23:52:29.590184" elapsed="0.222101"/>
</kw>
<kw name="Input Password">
<kw name="Input Text" owner="AppiumLibrary">
<msg time="2025-01-28T23:52:29.822062" level="INFO">Typing text 'abc123' into text field '//android.widget.EditText[@resource-id="com.example.myapplication:id/password"]'</msg>
<msg time="2025-01-28T23:52:30.562228" level="INFO">xpath criteria: //android.widget.EditText[@resource-id="com.example.myapplication:id/password"]</msg>
<arg>${password_field}</arg>
<arg>${password}</arg>
<doc>Types the given `text` into text field identified by `locator`.</doc>
<status status="PASS" start="2025-01-28T23:52:29.813368" elapsed="0.748860"/>
</kw>
<arg>${valid_password}</arg>
<status status="PASS" start="2025-01-28T23:52:29.812831" elapsed="0.749397"/>
</kw>
<kw name="Click Sign In Button">
<kw name="Click Element" owner="AppiumLibrary">
<msg time="2025-01-28T23:52:30.567448" level="INFO">Clicking element '//android.widget.Button[@resource-id="com.example.myapplication:id/signIn"]'.</msg>
<msg time="2025-01-28T23:52:31.311446" level="INFO">xpath criteria: //android.widget.Button[@resource-id="com.example.myapplication:id/signIn"]</msg>
<arg>${button_signin}</arg>
<doc>Click element identified by `locator`.</doc>
<status status="PASS" start="2025-01-28T23:52:30.564225" elapsed="0.748741"/>
</kw>
<status status="PASS" start="2025-01-28T23:52:30.563225" elapsed="0.749741"/>
</kw>
<kw name="Sleep" owner="BuiltIn">
<msg time="2025-01-28T23:52:34.319329" level="INFO">Slept 3 seconds.</msg>
<arg>3s</arg>
<doc>Pauses the test executed for the given time.</doc>
<status status="PASS" start="2025-01-28T23:52:31.314005" elapsed="3.006318"/>
</kw>
<kw name="Close Flight Application" owner="base">
<kw name="Close All Applications" owner="AppiumLibrary">
<doc>Closes all open applications.</doc>
<status status="PASS" start="2025-01-28T23:52:34.323309" elapsed="0.704828"/>
</kw>
<status status="PASS" start="2025-01-28T23:52:34.322313" elapsed="0.706820"/>
</kw>
<status status="PASS" start="2025-01-28T23:52:11.105040" elapsed="23.924093"/>
</test>
<test id="s1-t6" name="Sign In Dengan Password Kosong" line="77">
<kw name="Open Flight Android Application" owner="base">
<kw name="Open Application" owner="AppiumLibrary">
<arg>remote_url=${APPIUM_SERVER_URL}</arg>
<arg>platformName=${PLATFORM_NAME}</arg>
<arg>platformVersion=${PLATFORM_VERSION}</arg>
<arg>deviceName=${DEVICE_NAME}</arg>
<arg>appPackage=${APP_PACKAGE}</arg>
<arg>appActivity=${APP_ACTIVITY}</arg>
<doc>Opens a new application to given Appium server.
Capabilities of appium server, Android and iOS,
Please check https://appium.io/docs/en/2.1/cli/args/
| *Option*            | *Man.* | *Description*     |
| remote_url          | Yes    | Appium server url |
| alias               | no     | alias             |
| strict_ssl          | No     | allows you to send commands to an invalid certificate host like a self-signed one. |</doc>
<status status="PASS" start="2025-01-28T23:52:35.034117" elapsed="12.887250"/>
</kw>
<kw name="Sleep" owner="BuiltIn">
<msg time="2025-01-28T23:52:50.936510" level="INFO">Slept 3 seconds.</msg>
<arg>3s</arg>
<doc>Pauses the test executed for the given time.</doc>
<status status="PASS" start="2025-01-28T23:52:47.922278" elapsed="3.014232"/>
</kw>
<status status="PASS" start="2025-01-28T23:52:35.033123" elapsed="15.903387"/>
</kw>
<kw name="Click Sign In on Home Page">
<kw name="Click Element" owner="AppiumLibrary">
<msg time="2025-01-28T23:52:50.941508" level="INFO">Clicking element '//android.widget.Button[@resource-id="com.example.myapplication:id/login"]'.</msg>
<msg time="2025-01-28T23:52:51.671534" level="INFO">xpath criteria: //android.widget.Button[@resource-id="com.example.myapplication:id/login"]</msg>
<arg>${home_signin_button}</arg>
<doc>Click element identified by `locator`.</doc>
<status status="PASS" start="2025-01-28T23:52:50.938514" elapsed="0.733020"/>
</kw>
<kw name="Sleep" owner="BuiltIn">
<msg time="2025-01-28T23:52:53.675330" level="INFO">Slept 2 seconds.</msg>
<arg>2s</arg>
<doc>Pauses the test executed for the given time.</doc>
<status status="PASS" start="2025-01-28T23:52:51.672529" elapsed="2.002801"/>
</kw>
<status status="PASS" start="2025-01-28T23:52:50.937518" elapsed="2.738814"/>
</kw>
<kw name="Input Username">
<kw name="Input Text" owner="AppiumLibrary">
<msg time="2025-01-28T23:52:53.688467" level="INFO">Typing text 'support@ngendigital.com' into text field '//android.widget.EditText[@resource-id="com.example.myapplication:id/username"]'</msg>
<msg time="2025-01-28T23:52:53.956948" level="INFO">xpath criteria: //android.widget.EditText[@resource-id="com.example.myapplication:id/username"]</msg>
<arg>${username_field}</arg>
<arg>${username}</arg>
<doc>Types the given `text` into text field identified by `locator`.</doc>
<status status="PASS" start="2025-01-28T23:52:53.678921" elapsed="0.278027"/>
</kw>
<arg>${valid_username}</arg>
<status status="PASS" start="2025-01-28T23:52:53.677334" elapsed="0.280623"/>
</kw>
<kw name="Input Password">
<kw name="Input Text" owner="AppiumLibrary">
<msg time="2025-01-28T23:52:53.962984" level="INFO">Typing text '' into text field '//android.widget.EditText[@resource-id="com.example.myapplication:id/password"]'</msg>
<msg time="2025-01-28T23:52:54.674111" level="INFO">xpath criteria: //android.widget.EditText[@resource-id="com.example.myapplication:id/password"]</msg>
<arg>${password_field}</arg>
<arg>${password}</arg>
<doc>Types the given `text` into text field identified by `locator`.</doc>
<status status="PASS" start="2025-01-28T23:52:53.958997" elapsed="0.715114"/>
</kw>
<arg>${empty}</arg>
<status status="PASS" start="2025-01-28T23:52:53.957957" elapsed="0.716154"/>
</kw>
<kw name="Click Sign In Button">
<kw name="Click Element" owner="AppiumLibrary">
<msg time="2025-01-28T23:52:54.677087" level="INFO">Clicking element '//android.widget.Button[@resource-id="com.example.myapplication:id/signIn"]'.</msg>
<msg time="2025-01-28T23:52:55.440204" level="INFO">xpath criteria: //android.widget.Button[@resource-id="com.example.myapplication:id/signIn"]</msg>
<arg>${button_signin}</arg>
<doc>Click element identified by `locator`.</doc>
<status status="PASS" start="2025-01-28T23:52:54.675106" elapsed="0.765098"/>
</kw>
<status status="PASS" start="2025-01-28T23:52:54.675106" elapsed="0.766094"/>
</kw>
<kw name="Sleep" owner="BuiltIn">
<msg time="2025-01-28T23:52:58.453380" level="INFO">Slept 3 seconds.</msg>
<arg>3s</arg>
<doc>Pauses the test executed for the given time.</doc>
<status status="PASS" start="2025-01-28T23:52:55.441200" elapsed="3.012180"/>
</kw>
<kw name="Close Flight Application" owner="base">
<kw name="Close All Applications" owner="AppiumLibrary">
<doc>Closes all open applications.</doc>
<status status="PASS" start="2025-01-28T23:52:58.456809" elapsed="0.734276"/>
</kw>
<status status="PASS" start="2025-01-28T23:52:58.455236" elapsed="0.735849"/>
</kw>
<status status="PASS" start="2025-01-28T23:52:35.032122" elapsed="24.159969"/>
</test>
<test id="s1-t7" name="Sign In Dengan Username dan Password Kosong" line="87">
<kw name="Open Flight Android Application" owner="base">
<kw name="Open Application" owner="AppiumLibrary">
<arg>remote_url=${APPIUM_SERVER_URL}</arg>
<arg>platformName=${PLATFORM_NAME}</arg>
<arg>platformVersion=${PLATFORM_VERSION}</arg>
<arg>deviceName=${DEVICE_NAME}</arg>
<arg>appPackage=${APP_PACKAGE}</arg>
<arg>appActivity=${APP_ACTIVITY}</arg>
<doc>Opens a new application to given Appium server.
Capabilities of appium server, Android and iOS,
Please check https://appium.io/docs/en/2.1/cli/args/
| *Option*            | *Man.* | *Description*     |
| remote_url          | Yes    | Appium server url |
| alias               | no     | alias             |
| strict_ssl          | No     | allows you to send commands to an invalid certificate host like a self-signed one. |</doc>
<status status="PASS" start="2025-01-28T23:52:59.196558" elapsed="12.658319"/>
</kw>
<kw name="Sleep" owner="BuiltIn">
<msg time="2025-01-28T23:53:14.869367" level="INFO">Slept 3 seconds.</msg>
<arg>3s</arg>
<doc>Pauses the test executed for the given time.</doc>
<status status="PASS" start="2025-01-28T23:53:11.854877" elapsed="3.014490"/>
</kw>
<status status="PASS" start="2025-01-28T23:52:59.195082" elapsed="15.674285"/>
</kw>
<kw name="Click Sign In on Home Page">
<kw name="Click Element" owner="AppiumLibrary">
<msg time="2025-01-28T23:53:14.875206" level="INFO">Clicking element '//android.widget.Button[@resource-id="com.example.myapplication:id/login"]'.</msg>
<msg time="2025-01-28T23:53:15.566957" level="INFO">xpath criteria: //android.widget.Button[@resource-id="com.example.myapplication:id/login"]</msg>
<arg>${home_signin_button}</arg>
<doc>Click element identified by `locator`.</doc>
<status status="PASS" start="2025-01-28T23:53:14.871146" elapsed="0.696808"/>
</kw>
<kw name="Sleep" owner="BuiltIn">
<msg time="2025-01-28T23:53:17.572238" level="INFO">Slept 2 seconds.</msg>
<arg>2s</arg>
<doc>Pauses the test executed for the given time.</doc>
<status status="PASS" start="2025-01-28T23:53:15.567954" elapsed="2.004284"/>
</kw>
<status status="PASS" start="2025-01-28T23:53:14.870642" elapsed="2.702574"/>
</kw>
<kw name="Input Username">
<kw name="Input Text" owner="AppiumLibrary">
<msg time="2025-01-28T23:53:17.578829" level="INFO">Typing text '' into text field '//android.widget.EditText[@resource-id="com.example.myapplication:id/username"]'</msg>
<msg time="2025-01-28T23:53:17.783443" level="INFO">xpath criteria: //android.widget.EditText[@resource-id="com.example.myapplication:id/username"]</msg>
<arg>${username_field}</arg>
<arg>${username}</arg>
<doc>Types the given `text` into text field identified by `locator`.</doc>
<status status="PASS" start="2025-01-28T23:53:17.574779" elapsed="0.208664"/>
</kw>
<arg>${empty}</arg>
<status status="PASS" start="2025-01-28T23:53:17.573216" elapsed="0.210227"/>
</kw>
<kw name="Input Password">
<kw name="Input Text" owner="AppiumLibrary">
<msg time="2025-01-28T23:53:17.787084" level="INFO">Typing text '' into text field '//android.widget.EditText[@resource-id="com.example.myapplication:id/password"]'</msg>
<msg time="2025-01-28T23:53:18.515158" level="INFO">xpath criteria: //android.widget.EditText[@resource-id="com.example.myapplication:id/password"]</msg>
<arg>${password_field}</arg>
<arg>${password}</arg>
<doc>Types the given `text` into text field identified by `locator`.</doc>
<status status="PASS" start="2025-01-28T23:53:17.785007" elapsed="0.730151"/>
</kw>
<arg>${empty}</arg>
<status status="PASS" start="2025-01-28T23:53:17.783443" elapsed="0.731715"/>
</kw>
<kw name="Click Sign In Button">
<kw name="Click Element" owner="AppiumLibrary">
<msg time="2025-01-28T23:53:18.519447" level="INFO">Clicking element '//android.widget.Button[@resource-id="com.example.myapplication:id/signIn"]'.</msg>
<msg time="2025-01-28T23:53:19.248550" level="INFO">xpath criteria: //android.widget.Button[@resource-id="com.example.myapplication:id/signIn"]</msg>
<arg>${button_signin}</arg>
<doc>Click element identified by `locator`.</doc>
<status status="PASS" start="2025-01-28T23:53:18.517447" elapsed="0.732098"/>
</kw>
<status status="PASS" start="2025-01-28T23:53:18.516161" elapsed="0.733384"/>
</kw>
<kw name="Sleep" owner="BuiltIn">
<msg time="2025-01-28T23:53:22.253440" level="INFO">Slept 3 seconds.</msg>
<arg>3s</arg>
<doc>Pauses the test executed for the given time.</doc>
<status status="PASS" start="2025-01-28T23:53:19.249545" elapsed="3.004873"/>
</kw>
<kw name="Close Flight Application" owner="base">
<kw name="Close All Applications" owner="AppiumLibrary">
<doc>Closes all open applications.</doc>
<status status="PASS" start="2025-01-28T23:53:22.256092" elapsed="0.717696"/>
</kw>
<status status="PASS" start="2025-01-28T23:53:22.254922" elapsed="0.718866"/>
</kw>
<status status="PASS" start="2025-01-28T23:52:59.194085" elapsed="23.781211"/>
</test>
<status status="PASS" start="2025-01-28T23:50:32.547111" elapsed="170.430189"/>
</suite>
<statistics>
<total>
<stat pass="7" fail="0" skip="0">All Tests</stat>
</total>
<tag>
</tag>
<suite>
<stat name="loginPage" id="s1" pass="7" fail="0" skip="0">loginPage</stat>
</suite>
</statistics>
<errors>
</errors>
</robot>
